2024-07-18 10:21:19.728441 : USSUALLY : OTHER : back to main position 
2024-07-18 10:21:19.738658 : USSUALLY : OTHER : Í‚ÂÒÚ˚ Û erica grant ‚˚ÔÓÎÌÂÌ˚ 
2024-07-18 10:21:19.852776 : USSUALLY : OTHER : erica grant was close 
2024-07-18 10:21:19.862782 : USSUALLY : OTHER : haley gallagher will launch 
2024-07-18 10:21:40.131299 : SUCCESSFUL : OTHER : haley gallagher launching 
2024-07-18 10:21:40.147289 : USSUALLY : OTHER : roll_down starting 
2024-07-18 10:21:40.160515 : USSUALLY : HEXACORE : was delete from var_list 
2024-07-18 10:21:58.975146 : SUCCESSFUL : HEXACORE : quest was done 
2024-07-18 10:22:01.327903 : USSUALLY : OTHER : back to main position 
2024-07-18 10:22:01.343889 : USSUALLY : YESCOIN : was delete from var_list 
2024-07-18 10:22:09.999550 : USSUALLY : YESCOIN : quest restart 
2024-07-18 10:22:45.641287 : SUCCESSFUL : YESCOIN : quest was done 
2024-07-18 10:22:47.981114 : USSUALLY : OTHER : back to main position 
2024-07-18 10:22:47.996103 : USSUALLY : OTHER : roll_down starting 
2024-07-18 10:22:48.012105 : USSUALLY : POCKET : was delete from var_list 
2024-07-18 10:22:56.668658 : USSUALLY : POCKET : quest restart 
2024-07-18 10:23:17.653048 : SUCCESSFUL : POCKET : quest was done 
2024-07-18 10:23:20.001821 : USSUALLY : OTHER : back to main position 
2024-07-18 10:23:20.016861 : USSUALLY : OTHER : roll_down starting 
2024-07-18 10:23:20.028850 : USSUALLY : BLUM : was delete from var_list 
2024-07-18 10:23:28.662558 : USSUALLY : BLUM : quest restart 
2024-07-18 10:24:00.827873 : SUCCESSFUL : BLUM : quest was done 
2024-07-18 10:24:03.169236 : USSUALLY : OTHER : back to main position 
2024-07-18 10:24:03.184735 : USSUALLY : OTHER : Í‚ÂÒÚ˚ Û haley gallagher ‚˚ÔÓÎÌÂÌ˚ 
2024-07-18 10:24:03.296763 : USSUALLY : OTHER : haley gallagher was close 
2024-07-18 10:24:03.305766 : USSUALLY : OTHER : jennifer wong will launch 
2024-07-18 10:24:23.572585 : SUCCESSFUL : OTHER : jennifer wong launching 
2024-07-18 10:24:23.587585 : USSUALLY : OTHER : roll_down starting 
2024-07-18 10:24:23.599569 : USSUALLY : HEXACORE : was delete from var_list 
2024-07-18 10:24:42.417279 : SUCCESSFUL : HEXACORE : quest was done 
2024-07-18 10:24:44.767935 : USSUALLY : OTHER : back to main position 
2024-07-18 10:24:44.779927 : USSUALLY : YESCOIN : was delete from var_list 
2024-07-18 10:24:53.409173 : USSUALLY : YESCOIN : quest restart 
2024-07-18 10:25:29.036278 : SUCCESSFUL : YESCOIN : quest was done 
2024-07-18 10:25:31.374807 : USSUALLY : OTHER : back to main position 
2024-07-18 10:25:31.389806 : USSUALLY : OTHER : roll_down starting 
2024-07-18 10:25:31.400807 : USSUALLY : POCKET : was delete from var_list 
2024-07-18 10:25:40.024031 : USSUALLY : POCKET : quest restart 
2024-07-18 10:26:01.000372 : SUCCESSFUL : POCKET : quest was done 
2024-07-18 10:26:03.341793 : USSUALLY : OTHER : back to main position 
2024-07-18 10:26:03.356833 : USSUALLY : OTHER : roll_down starting 
2024-07-18 10:26:03.372607 : USSUALLY : BLUM : was delete from var_list 
2024-07-18 10:26:12.036093 : USSUALLY : BLUM : quest restart 
2024-07-18 10:26:43.218490 : SUCCESSFUL : BLUM : quest was done 
2024-07-18 10:26:45.557544 : USSUALLY : OTHER : back to main position 
2024-07-18 10:26:45.572544 : USSUALLY : OTHER : Í‚ÂÒÚ˚ Û jennifer wong ‚˚ÔÓÎÌÂÌ˚ 
2024-07-18 10:26:45.683513 : USSUALLY : OTHER : jennifer wong was close 
2024-07-18 10:26:45.691514 : USSUALLY : OTHER : jill barrera will launch 
2024-07-18 10:27:05.961550 : SUCCESSFUL : OTHER : jill barrera launching 
2024-07-18 10:27:05.977537 : USSUALLY : OTHER : roll_down starting 
2024-07-18 10:27:05.990535 : USSUALLY : HEXACORE : was delete from var_list 
2024-07-18 10:27:24.806972 : SUCCESSFUL : HEXACORE : quest was done 
2024-07-18 10:27:27.156691 : USSUALLY : OTHER : back to main position 
2024-07-18 10:27:27.168681 : USSUALLY : YESCOIN : was delete from var_list 
2024-07-18 10:27:35.798728 : USSUALLY : YESCOIN : quest restart 
2024-07-18 10:28:11.431535 : SUCCESSFUL : YESCOIN : quest was done 
2024-07-18 10:28:13.779124 : USSUALLY : OTHER : back to main position 
2024-07-18 10:28:13.794385 : USSUALLY : OTHER : roll_down starting 
2024-07-18 10:28:13.809814 : USSUALLY : POCKET : was delete from var_list 
2024-07-18 10:28:22.486131 : USSUALLY : POCKET : quest restart 
2024-07-18 10:28:43.462940 : SUCCESSFUL : POCKET : quest was done 
2024-07-18 10:28:45.814565 : USSUALLY : OTHER : back to main position 
2024-07-18 10:28:45.828322 : USSUALLY : OTHER : roll_down starting 
2024-07-18 10:28:45.835341 : USSUALLY : BLUM : was delete from var_list 
2024-07-18 10:28:54.474877 : USSUALLY : BLUM : quest restart 
2024-07-18 10:29:25.659714 : SUCCESSFUL : BLUM : quest was done 
2024-07-18 10:29:27.997169 : USSUALLY : OTHER : back to main position 
2024-07-18 10:29:28.009158 : USSUALLY : OTHER : Í‚ÂÒÚ˚ Û jill barrera ‚˚ÔÓÎÌÂÌ˚ 
2024-07-18 10:29:28.124021 : USSUALLY : OTHER : jill barrera was close 
2024-07-18 10:29:28.133019 : USSUALLY : OTHER : kathleen smith will launch 
2024-07-18 10:29:48.409256 : SUCCESSFUL : OTHER : kathleen smith launching 
2024-07-18 10:29:48.421500 : USSUALLY : OTHER : roll_down starting 
2024-07-18 10:29:48.430269 : USSUALLY : HEXACORE : was delete from var_list 
2024-07-18 10:30:07.261040 : SUCCESSFUL : HEXACORE : quest was done 
2024-07-18 10:30:09.612633 : USSUALLY : OTHER : back to main position 
2024-07-18 10:30:09.621623 : USSUALLY : YESCOIN : was delete from var_list 
2024-07-18 10:30:18.255536 : USSUALLY : YESCOIN : quest restart 
2024-07-18 10:30:53.880402 : SUCCESSFUL : YESCOIN : quest was done 
2024-07-18 10:30:56.235299 : USSUALLY : OTHER : back to main position 
2024-07-18 10:30:56.244283 : USSUALLY : OTHER : roll_down starting 
2024-07-18 10:30:56.252174 : USSUALLY : POCKET : was delete from var_list 
2024-07-18 10:31:04.891400 : USSUALLY : POCKET : quest restart 
2024-07-18 10:31:25.885036 : SUCCESSFUL : POCKET : quest was done 
2024-07-18 10:31:28.235881 : USSUALLY : OTHER : back to main position 
2024-07-18 10:31:28.248881 : USSUALLY : OTHER : roll_down starting 
2024-07-18 10:31:28.255870 : USSUALLY : BLUM : was delete from var_list 
2024-07-18 10:31:36.894212 : USSUALLY : BLUM : quest restart 
2024-07-18 10:32:10.051242 : SUCCESSFUL : BLUM : quest was done 
2024-07-18 10:32:12.387855 : USSUALLY : OTHER : back to main position 
2024-07-18 10:32:12.403844 : USSUALLY : OTHER : Í‚ÂÒÚ˚ Û kathleen smith ‚˚ÔÓÎÌÂÌ˚ 
2024-07-18 10:32:12.513309 : USSUALLY : OTHER : kathleen smith was close 
2024-07-18 10:32:12.522304 : USSUALLY : OTHER : melissa erickson will launch 
2024-07-18 10:32:32.790995 : SUCCESSFUL : OTHER : melissa erickson launching 
2024-07-18 10:32:32.806993 : USSUALLY : OTHER : roll_down starting 
2024-07-18 10:32:32.815460 : USSUALLY : HEXACORE : was delete from var_list 
2024-07-18 10:32:51.619990 : SUCCESSFUL : HEXACORE : quest was done 
2024-07-18 10:32:53.969649 : USSUALLY : OTHER : back to main position 
2024-07-18 10:32:53.985648 : USSUALLY : YESCOIN : was delete from var_list 
2024-07-18 10:33:02.645684 : USSUALLY : YESCOIN : quest restart 
2024-07-18 10:33:38.268636 : SUCCESSFUL : YESCOIN : quest was done 
2024-07-18 10:33:40.606231 : USSUALLY : OTHER : back to main position 
2024-07-18 10:33:40.615679 : USSUALLY : OTHER : roll_down starting 
2024-07-18 10:33:40.623684 : USSUALLY : POCKET : was delete from var_list 
2024-07-18 10:33:49.267889 : USSUALLY : POCKET : quest restart 
2024-07-18 10:34:10.242067 : SUCCESSFUL : POCKET : quest was done 
2024-07-18 10:34:12.594921 : USSUALLY : OTHER : back to main position 
2024-07-18 10:34:12.610993 : USSUALLY : OTHER : roll_down starting 
2024-07-18 10:34:12.621994 : USSUALLY : BLUM : was delete from var_list 
2024-07-18 10:34:21.254764 : USSUALLY : BLUM : quest restart 
2024-07-18 10:34:55.408507 : SUCCESSFUL : BLUM : quest was done 
2024-07-18 10:34:57.746715 : USSUALLY : OTHER : back to main position 
2024-07-18 10:34:57.762715 : USSUALLY : OTHER : Í‚ÂÒÚ˚ Û melissa erickson ‚˚ÔÓÎÌÂÌ˚ 
2024-07-18 10:34:57.875597 : USSUALLY : OTHER : melissa erickson was close 
2024-07-18 10:34:57.884599 : USSUALLY : OTHER : stacy norton will launch 
2024-07-18 10:35:18.151565 : SUCCESSFUL : OTHER : stacy norton launching 
2024-07-18 10:35:18.165576 : USSUALLY : OTHER : roll_down starting 
2024-07-18 10:35:18.174430 : USSUALLY : HEXACORE : was delete from var_list 
2024-07-18 10:35:36.996043 : SUCCESSFUL : HEXACORE : quest was done 
2024-07-18 10:35:39.345035 : USSUALLY : OTHER : back to main position 
2024-07-18 10:35:39.354023 : USSUALLY : YESCOIN : was delete from var_list 
2024-07-18 10:35:47.990260 : USSUALLY : YESCOIN : quest restart 
2024-07-18 10:36:23.630396 : SUCCESSFUL : YESCOIN : quest was done 
2024-07-18 10:36:25.968272 : USSUALLY : OTHER : back to main position 
2024-07-18 10:36:25.978156 : USSUALLY : OTHER : roll_down starting 
2024-07-18 10:36:25.988160 : USSUALLY : POCKET : was delete from var_list 
2024-07-18 10:36:34.624574 : USSUALLY : POCKET : quest restart 
2024-07-18 10:36:55.601384 : SUCCESSFUL : POCKET : quest was done 
2024-07-18 10:36:57.953415 : USSUALLY : OTHER : back to main position 
2024-07-18 10:36:57.969402 : USSUALLY : OTHER : roll_down starting 
2024-07-18 10:36:57.980169 : USSUALLY : BLUM : was delete from var_list 
2024-07-18 10:37:06.612201 : USSUALLY : BLUM : quest restart 
2024-07-18 10:37:39.766052 : SUCCESSFUL : BLUM : quest was done 
2024-07-18 10:37:42.104876 : USSUALLY : OTHER : back to main position 
2024-07-18 10:37:42.114867 : USSUALLY : OTHER : Í‚ÂÒÚ˚ Û stacy norton ‚˚ÔÓÎÌÂÌ˚ 
2024-07-18 10:37:42.224484 : USSUALLY : OTHER : stacy norton was close 
2024-07-18 10:37:42.235057 : USSUALLY : OTHER : ‚ÒÂ ‡ÍÍ‡ÛÌÚ˚ Ò‰ÂÎ‡Ì˚ 
2024-07-22 10:18:07.952238 : SUCCESSFUL : OTHER : mode accepted 
2024-07-22 10:18:13.199098 : USSUALLY : OTHER : amanda hart will launch 
2024-07-22 10:18:32.617388 : SUCCESSFUL : OTHER : amanda hart launching 
2024-07-22 10:18:32.631385 : USSUALLY : OTHER : roll_down starting 
2024-07-22 10:18:32.641392 : USSUALLY : BLUM : was delete from var_list 
2024-07-22 10:19:20.959185 : SUCCESSFUL : OTHER : mode accepted 
2024-07-22 10:19:26.952725 : USSUALLY : OTHER : amanda hart will launch 
2024-07-22 10:19:46.252586 : SUCCESSFUL : OTHER : amanda hart launching 
2024-07-22 10:19:46.268273 : USSUALLY : OTHER : roll_down starting 
2024-07-22 10:19:46.281913 : USSUALLY : BLUM : was delete from var_list 
2024-07-22 10:19:54.931850 : USSUALLY : BLUM : quest restart 
2024-07-22 10:19:54.947841 : CRITICAL : BLUM : type error ---> name 'buttons_b' is not defined 
2024-07-22 10:19:54.956834 : CRITICAL : BLUM : some error during launch quest 
2024-07-22 10:19:57.287076 : USSUALLY : OTHER : back to main position 
2024-07-22 10:19:57.295429 : USSUALLY : OTHER : all quests on amanda hart account done 
2024-07-22 10:19:57.405410 : USSUALLY : OTHER : amanda hart was close 
2024-07-22 10:19:59.421962 : USSUALLY : OTHER : ‚ÒÂ ‡ÍÍ‡ÛÌÚ˚ Ò‰ÂÎ‡Ì˚ 
2024-07-22 10:31:19.610391 : SUCCESSFUL : OTHER : mode accepted 
2024-07-22 10:31:26.579718 : USSUALLY : OTHER : amanda hart will launch 
2024-07-22 10:31:45.874663 : SUCCESSFUL : OTHER : amanda hart launching 
2024-07-22 10:31:45.890663 : USSUALLY : OTHER : roll_down starting 
2024-07-22 10:31:45.900655 : USSUALLY : BLUM : was delete from var_list 
2024-07-22 10:31:54.560613 : USSUALLY : BLUM : quest restart 
2024-07-22 10:32:26.720452 : SUCCESSFUL : BLUM : quest was done 
2024-07-22 10:32:29.060793 : USSUALLY : OTHER : back to main position 
2024-07-22 10:32:29.076104 : USSUALLY : OTHER : all quests on amanda hart account done 
2024-07-22 10:32:29.186865 : USSUALLY : OTHER : amanda hart was close 
2024-07-22 10:32:31.204307 : USSUALLY : OTHER : ‚ÒÂ ‡ÍÍ‡ÛÌÚ˚ Ò‰ÂÎ‡Ì˚ 
2024-07-22 17:35:52.975522 : SUCCESSFUL : OTHER : mode accepted 
2024-07-22 17:36:00.555365 : USSUALLY : OTHER : dawn miller will launch 
2024-07-22 17:37:22.408097 : SUCCESSFUL : OTHER : mode accepted 
2024-07-22 17:37:26.996854 : USSUALLY : OTHER : dawn miller will launch 
2024-07-22 17:37:46.303484 : SUCCESSFUL : OTHER : dawn miller launching 
2024-07-22 17:37:46.316472 : USSUALLY : OTHER : roll_down starting 
2024-07-22 17:38:36.050794 : SUCCESSFUL : OTHER : mode accepted 
2024-07-22 17:38:41.800764 : USSUALLY : OTHER : dawn miller will launch 
2024-07-22 17:39:01.108178 : SUCCESSFUL : OTHER : dawn miller launching 
2024-07-22 17:39:01.124606 : USSUALLY : OTHER : roll_down starting 
2024-07-22 17:39:01.136329 : USSUALLY : DOGS : was delete from var_list 
2024-07-22 17:43:52.409163 : SUCCESSFUL : OTHER : mode accepted 
2024-07-22 17:44:12.364312 : SUCCESSFUL : OTHER : mode accepted 
2024-07-22 17:44:16.919525 : USSUALLY : OTHER : dawn miller will launch 
2024-07-22 17:44:36.214633 : SUCCESSFUL : OTHER : dawn miller launching 
2024-07-22 17:44:36.230663 : USSUALLY : OTHER : roll_down starting 
2024-07-22 17:44:36.241661 : USSUALLY : DOGS : was delete from var_list 
2024-07-22 17:45:22.181794 : SUCCESSFUL : OTHER : mode accepted 
2024-07-22 17:45:25.871894 : USSUALLY : OTHER : dawn miller will launch 
2024-07-22 17:45:45.178021 : SUCCESSFUL : OTHER : dawn miller launching 
2024-07-22 17:45:45.194008 : USSUALLY : OTHER : roll_down starting 
2024-07-22 17:45:45.207278 : USSUALLY : DOGS : was delete from var_list 
2024-07-22 17:45:50.084033 : CRITICAL : DOGS : type error ---> 'dogs' 
2024-07-22 17:45:50.100033 : CRITICAL : DOGS : some error during launch quest 
2024-07-22 17:45:52.437107 : USSUALLY : OTHER : back to main position 
2024-07-22 17:45:52.453107 : USSUALLY : OTHER : roll_down starting 
2024-07-22 17:45:52.466004 : USSUALLY : TABIZOO : was delete from var_list 
2024-07-22 17:45:58.513154 : SUCCESSFUL : TABIZOO : quest was done 
2024-07-22 17:46:00.857418 : USSUALLY : OTHER : back to main position 
2024-07-22 17:46:00.872423 : USSUALLY : OTHER : all quests on dawn miller account done 
2024-07-22 17:46:00.981805 : USSUALLY : OTHER : dawn miller was close 
2024-07-22 17:46:02.998866 : USSUALLY : OTHER : ‚ÒÂ ‡ÍÍ‡ÛÌÚ˚ Ò‰ÂÎ‡Ì˚ 
2024-07-22 17:49:05.354170 : SUCCESSFUL : OTHER : mode accepted 
2024-07-22 17:49:09.653036 : USSUALLY : OTHER : stacy norton will launch 
2024-07-22 17:49:29.055899 : SUCCESSFUL : OTHER : stacy norton launching 
2024-07-22 17:49:29.068899 : USSUALLY : OTHER : roll_down starting 
2024-07-22 17:49:29.079229 : USSUALLY : TABIZOO : was delete from var_list 
2024-07-22 17:49:35.149052 : SUCCESSFUL : TABIZOO : quest was done 
2024-07-22 17:49:37.485171 : USSUALLY : OTHER : back to main position 
2024-07-22 17:49:37.497168 : USSUALLY : OTHER : roll_down starting 
2024-07-22 17:49:37.507170 : USSUALLY : DOGS : was delete from var_list 
2024-07-22 17:54:23.873895 : SUCCESSFUL : OTHER : mode accepted 
2024-07-22 17:54:28.782079 : USSUALLY : OTHER : amanda hart will launch 
2024-07-22 17:54:48.077141 : SUCCESSFUL : OTHER : amanda hart launching 
2024-07-22 17:54:48.087791 : USSUALLY : OTHER : roll_down starting 
2024-07-22 17:54:48.095676 : USSUALLY : SNAPSTER : was delete from var_list 
2024-07-22 17:55:04.814713 : SUCCESSFUL : SNAPSTER : quest was done 
2024-07-22 17:55:07.167870 : USSUALLY : OTHER : back to main position 
2024-07-22 17:55:07.183870 : USSUALLY : OTHER : all quests on amanda hart account done 
2024-07-22 17:55:07.311380 : USSUALLY : OTHER : amanda hart was close 
2024-07-22 17:55:09.330165 : USSUALLY : OTHER : ‚ÒÂ ‡ÍÍ‡ÛÌÚ˚ Ò‰ÂÎ‡Ì˚ 
2024-07-23 14:43:37.785629 : SUCCESSFUL : OTHER : mode accepted 
2024-07-23 14:43:41.864794 : USSUALLY : OTHER : amanda hart will launch 
2024-07-23 14:44:47.617682 : SUCCESSFUL : OTHER : mode accepted 
2024-07-23 14:44:51.489338 : USSUALLY : OTHER : amanda hart will launch 
2024-07-23 14:45:10.890002 : SUCCESSFUL : OTHER : amanda hart launching 
2024-07-23 14:45:10.901993 : USSUALLY : OTHER : roll_down starting 
2024-07-23 14:45:10.910430 : USSUALLY : BLUM : was delete from var_list 
2024-07-23 14:45:40.808088 : SUCCESSFUL : BLUM : quest was done 
2024-07-23 14:45:43.147343 : USSUALLY : OTHER : back to main position 
2024-07-23 14:45:43.157347 : USSUALLY : OTHER : all quests on amanda hart account done 
2024-07-23 14:45:43.268339 : USSUALLY : OTHER : amanda hart was close 
2024-07-23 14:45:45.287307 : USSUALLY : OTHER : –≤—Å–µ –∞–∫–∫–∞—É–Ω—Ç—ã —Å–¥–µ–ª–∞–Ω—ã 
2024-07-23 14:47:22.382648 : SUCCESSFUL : OTHER : mode accepted 
2024-07-23 14:47:27.168520 : USSUALLY : OTHER : amanda hart will launch 
2024-07-23 14:47:46.486608 : SUCCESSFUL : OTHER : amanda hart launching 
2024-07-23 14:47:46.502622 : USSUALLY : OTHER : roll_down starting 
2024-07-23 14:47:46.513952 : USSUALLY : BLUM : was delete from var_list 
2024-07-23 14:48:15.738384 : WARNING : BLUM : blum_game error >>>>> invalid literal for int() with base 10: '' 
2024-07-23 14:48:17.352517 : SUCCESSFUL : BLUM : quest was done 
2024-07-23 14:48:19.692138 : USSUALLY : OTHER : back to main position 
2024-07-23 14:48:19.702137 : USSUALLY : OTHER : all quests on amanda hart account done 
2024-07-23 14:48:19.821528 : USSUALLY : OTHER : amanda hart was close 
2024-07-23 14:48:21.830729 : USSUALLY : OTHER : –≤—Å–µ –∞–∫–∫–∞—É–Ω—Ç—ã —Å–¥–µ–ª–∞–Ω—ã 
2024-07-23 14:50:57.519640 : SUCCESSFUL : OTHER : mode accepted 
2024-07-23 14:51:01.695241 : USSUALLY : OTHER : amanda hart will launch 
2024-07-23 14:51:20.988267 : SUCCESSFUL : OTHER : amanda hart launching 
2024-07-23 14:51:21.005269 : USSUALLY : OTHER : roll_down starting 
2024-07-23 14:51:21.014257 : USSUALLY : BLUM : was delete from var_list 
2024-07-23 14:51:25.888610 : WARNING : OTHER : games -> <map object at 0x000001ec783658a0> 
2024-07-23 14:51:49.259748 : WARNING : BLUM : blum_game error >>>>> invalid literal for int() with base 10: '' 
2024-07-23 14:51:50.879476 : SUCCESSFUL : BLUM : quest was done 
2024-07-23 14:51:53.226780 : USSUALLY : OTHER : back to main position 
2024-07-23 14:51:53.235771 : USSUALLY : OTHER : all quests on amanda hart account done 
2024-07-23 14:51:53.347232 : USSUALLY : OTHER : amanda hart was close 
2024-07-23 14:51:55.365851 : USSUALLY : OTHER : –≤—Å–µ –∞–∫–∫–∞—É–Ω—Ç—ã —Å–¥–µ–ª–∞–Ω—ã 
2024-07-23 14:53:12.440560 : SUCCESSFUL : OTHER : mode accepted 
2024-07-23 14:53:16.414950 : USSUALLY : OTHER : amanda hart will launch 
2024-07-23 14:53:35.712111 : SUCCESSFUL : OTHER : amanda hart launching 
2024-07-23 14:53:35.728111 : USSUALLY : OTHER : roll_down starting 
2024-07-23 14:53:35.742097 : USSUALLY : BLUM : was delete from var_list 
2024-07-23 14:53:40.612613 : CRITICAL : BLUM : type error ---> invalid literal for int() with base 10: '' 
2024-07-23 14:53:40.627597 : CRITICAL : BLUM : some error during launch quest 
2024-07-23 14:53:42.971774 : USSUALLY : OTHER : back to main position 
2024-07-23 14:53:42.988774 : USSUALLY : OTHER : all quests on amanda hart account done 
2024-07-23 14:53:43.099470 : USSUALLY : OTHER : amanda hart was close 
2024-07-23 14:53:45.117687 : USSUALLY : OTHER : –≤—Å–µ –∞–∫–∫–∞—É–Ω—Ç—ã —Å–¥–µ–ª–∞–Ω—ã 
2024-07-23 14:55:16.438477 : SUCCESSFUL : OTHER : mode accepted 
2024-07-23 14:55:18.891803 : USSUALLY : OTHER : amanda hart will launch 
2024-07-23 14:55:38.187293 : SUCCESSFUL : OTHER : amanda hart launching 
2024-07-23 14:55:38.201286 : USSUALLY : OTHER : roll_down starting 
2024-07-23 14:55:38.210763 : USSUALLY : BLUM : was delete from var_list 
2024-07-23 14:55:43.086465 : CRITICAL : BLUM : type error ---> invalid literal for int() with base 10: '' 
2024-07-23 14:55:43.102507 : CRITICAL : BLUM : some error during launch quest 
2024-07-23 14:55:45.447935 : USSUALLY : OTHER : back to main position 
2024-07-23 14:55:45.463935 : USSUALLY : OTHER : all quests on amanda hart account done 
2024-07-23 14:55:45.574581 : USSUALLY : OTHER : amanda hart was close 
2024-07-23 14:55:47.592400 : USSUALLY : OTHER : –≤—Å–µ –∞–∫–∫–∞—É–Ω—Ç—ã —Å–¥–µ–ª–∞–Ω—ã 
2024-07-23 14:58:20.966130 : SUCCESSFUL : OTHER : mode accepted 
2024-07-23 14:58:23.492428 : USSUALLY : OTHER : amanda hart will launch 
2024-07-23 14:58:42.786307 : SUCCESSFUL : OTHER : amanda hart launching 
2024-07-23 14:58:42.795522 : USSUALLY : OTHER : roll_down starting 
2024-07-23 14:58:42.803330 : USSUALLY : BLUM : was delete from var_list 
2024-07-23 14:58:47.684802 : WARNING : OTHER : games -> [5, 5] 
2024-07-23 15:00:03.540481 : SUCCESSFUL : OTHER : mode accepted 
2024-07-23 15:00:08.393224 : USSUALLY : OTHER : amanda scott will launch 
2024-07-23 15:00:27.774955 : SUCCESSFUL : OTHER : amanda scott launching 
2024-07-23 15:00:27.788956 : USSUALLY : OTHER : roll_down starting 
2024-07-23 15:00:27.797953 : USSUALLY : BLUM : was delete from var_list 
2024-07-23 15:00:32.675844 : WARNING : OTHER : games -> [1, 1] 
2024-07-25 13:26:01.807276 : SUCCESSFUL : OTHER : mode accepted 
2024-07-25 13:26:05.572685 : USSUALLY : OTHER : amanda hart will launch 
2024-07-25 13:26:24.876297 : SUCCESSFUL : OTHER : amanda hart launching 
2024-07-25 13:26:24.887292 : USSUALLY : OTHER : roll_down starting 
2024-07-25 13:26:24.897292 : USSUALLY : HEXACORE : was delete from var_list 
2024-07-25 13:26:47.062007 : CRITICAL : HEXACORE : type error ---> 'amanda hart' 
2024-07-25 13:26:47.079016 : CRITICAL : HEXACORE : some error during launch quest 
2024-07-25 13:26:49.423828 : USSUALLY : OTHER : back to main position 
2024-07-25 13:26:49.440358 : USSUALLY : OTHER : all quests on amanda hart account done 
2024-07-25 13:26:49.551149 : USSUALLY : OTHER : amanda hart was close 
2024-07-25 13:26:51.569556 : USSUALLY : OTHER : –≤—Å–µ –∞–∫–∫–∞—É–Ω—Ç—ã —Å–¥–µ–ª–∞–Ω—ã 
2024-07-29 10:46:37.918237 : SUCCESSFUL : OTHER : mode accepted 
2024-07-29 10:46:40.435146 : USSUALLY : OTHER : amanda hart will launch 
2024-07-29 10:46:59.902067 : SUCCESSFUL : OTHER : amanda hart launching 
2024-07-29 10:46:59.918101 : USSUALLY : OTHER : roll_down starting 
2024-07-29 10:46:59.926118 : USSUALLY : POCKET : was delete from var_list 
2024-07-29 10:48:52.937875 : SUCCESSFUL : OTHER : mode accepted 
2024-07-29 10:48:55.937607 : USSUALLY : OTHER : amanda hart will launch 
2024-07-29 10:49:15.225033 : SUCCESSFUL : OTHER : amanda hart launching 
2024-07-29 10:49:15.242134 : USSUALLY : OTHER : roll_down starting 
2024-07-29 10:49:15.253599 : USSUALLY : POCKET : was delete from var_list 
2024-07-29 10:49:39.176279 : SUCCESSFUL : POCKET : quest was done 
2024-07-29 10:49:41.525904 : USSUALLY : OTHER : back to main position 
2024-07-29 10:49:41.534892 : USSUALLY : OTHER : all quests on amanda hart account done 
2024-07-29 10:49:41.644453 : USSUALLY : OTHER : amanda hart was close 
2024-07-29 10:49:43.655518 : USSUALLY : OTHER : –≤—Å–µ –∞–∫–∫–∞—É–Ω—Ç—ã —Å–¥–µ–ª–∞–Ω—ã 
2024-07-29 11:09:36.255919 : SUCCESSFUL : OTHER : mode accepted 
2024-07-29 11:09:47.999827 : USSUALLY : OTHER : haley gallagher will launch 
2024-07-29 11:10:07.299902 : SUCCESSFUL : OTHER : haley gallagher launching 
2024-07-29 11:10:07.315943 : USSUALLY : OTHER : roll_down starting 
2024-07-29 11:10:07.331943 : USSUALLY : HEXACORE : was delete from var_list 
2024-07-29 11:10:19.320098 : CRITICAL : HEXACORE : type error ---> 'store' 
2024-07-29 11:10:19.328949 : CRITICAL : HEXACORE : some error during launch quest 
2024-07-29 11:10:21.652263 : USSUALLY : OTHER : back to main position 
2024-07-29 11:10:21.664266 : USSUALLY : OTHER : all quests on haley gallagher account done 
2024-07-29 11:10:21.782422 : USSUALLY : OTHER : haley gallagher was close 
2024-07-29 11:10:23.799991 : USSUALLY : OTHER : –≤—Å–µ –∞–∫–∫–∞—É–Ω—Ç—ã —Å–¥–µ–ª–∞–Ω—ã 
2024-07-29 11:11:02.887215 : SUCCESSFUL : OTHER : mode accepted 
2024-07-29 11:11:05.887305 : USSUALLY : OTHER : haley gallagher will launch 
2024-07-29 11:11:25.199957 : SUCCESSFUL : OTHER : haley gallagher launching 
2024-07-29 11:11:25.212957 : USSUALLY : OTHER : roll_down starting 
2024-07-29 11:11:25.224397 : USSUALLY : HEXACORE : was delete from var_list 
2024-07-29 11:11:37.227278 : CRITICAL : HEXACORE : type error ---> 'store' 
2024-07-29 11:11:37.236275 : CRITICAL : HEXACORE : some error during launch quest 
2024-07-29 11:11:39.552476 : USSUALLY : OTHER : back to main position 
2024-07-29 11:11:39.561476 : USSUALLY : OTHER : all quests on haley gallagher account done 
2024-07-29 11:11:39.688477 : USSUALLY : OTHER : haley gallagher was close 
2024-07-29 11:11:41.707482 : USSUALLY : OTHER : –≤—Å–µ –∞–∫–∫–∞—É–Ω—Ç—ã —Å–¥–µ–ª–∞–Ω—ã 
2024-07-29 11:13:57.461879 : SUCCESSFUL : OTHER : mode accepted 
2024-07-29 11:14:03.181547 : USSUALLY : OTHER : haley gallagher will launch 
2024-07-29 11:14:22.478529 : SUCCESSFUL : OTHER : haley gallagher launching 
2024-07-29 11:14:22.494541 : USSUALLY : OTHER : roll_down starting 
2024-07-29 11:14:22.506526 : USSUALLY : HEXACORE : was delete from var_list 
2024-07-29 11:14:34.507895 : CRITICAL : HEXACORE : type error ---> 'store' 
2024-07-29 11:14:34.526926 : CRITICAL : HEXACORE : some error during launch quest 
2024-07-29 11:14:36.851188 : USSUALLY : OTHER : back to main position 
2024-07-29 11:14:36.865190 : USSUALLY : OTHER : all quests on haley gallagher account done 
2024-07-29 11:14:36.984112 : USSUALLY : OTHER : haley gallagher was close 
2024-07-29 11:14:39.005374 : USSUALLY : OTHER : –≤—Å–µ –∞–∫–∫–∞—É–Ω—Ç—ã —Å–¥–µ–ª–∞–Ω—ã 
2024-07-29 11:20:33.010881 : SUCCESSFUL : OTHER : mode accepted 
2024-07-29 11:20:36.322762 : USSUALLY : OTHER : amanda hart will launch 
2024-07-29 11:20:55.619413 : SUCCESSFUL : OTHER : amanda hart launching 
2024-07-29 11:20:55.636495 : USSUALLY : OTHER : roll_down starting 
2024-07-29 11:20:55.652524 : USSUALLY : HEXACORE : was delete from var_list 
2024-07-29 11:21:07.642460 : CRITICAL : HEXACORE : type error ---> 'store' 
2024-07-29 11:21:07.654457 : CRITICAL : HEXACORE : some error during launch quest 
2024-07-29 11:21:09.992054 : USSUALLY : OTHER : back to main position 
2024-07-29 11:21:10.003055 : USSUALLY : OTHER : all quests on amanda hart account done 
2024-07-29 11:21:10.119055 : USSUALLY : OTHER : amanda hart was close 
2024-07-29 11:21:12.137607 : USSUALLY : OTHER : –≤—Å–µ –∞–∫–∫–∞—É–Ω—Ç—ã —Å–¥–µ–ª–∞–Ω—ã 
2024-07-29 11:22:55.649675 : SUCCESSFUL : OTHER : mode accepted 
2024-07-29 11:22:57.593660 : USSUALLY : OTHER : amanda hart will launch 
2024-07-29 11:23:16.882354 : SUCCESSFUL : OTHER : amanda hart launching 
2024-07-29 11:23:16.899354 : USSUALLY : OTHER : roll_down starting 
2024-07-29 11:23:16.909346 : USSUALLY : HEXACORE : was delete from var_list 
2024-07-29 11:23:31.752058 : CRITICAL : HEXACORE : type error ---> position() got an unexpected keyword argument 'duration' 
2024-07-29 11:23:31.763057 : CRITICAL : HEXACORE : some error during launch quest 
2024-07-29 11:23:34.083900 : USSUALLY : OTHER : back to main position 
2024-07-29 11:23:34.100900 : USSUALLY : OTHER : all quests on amanda hart account done 
2024-07-29 11:23:34.215676 : USSUALLY : OTHER : amanda hart was close 
2024-07-29 11:23:36.234454 : USSUALLY : OTHER : –≤—Å–µ –∞–∫–∫–∞—É–Ω—Ç—ã —Å–¥–µ–ª–∞–Ω—ã 
2024-07-29 11:25:07.811207 : SUCCESSFUL : OTHER : mode accepted 
2024-07-29 11:25:10.585039 : USSUALLY : OTHER : amanda hart will launch 
2024-07-29 11:25:29.887737 : SUCCESSFUL : OTHER : amanda hart launching 
2024-07-29 11:25:29.904747 : USSUALLY : OTHER : roll_down starting 
2024-07-29 11:25:29.913736 : USSUALLY : HEXACORE : was delete from var_list 
2024-07-29 11:25:47.071709 : CRITICAL : HEXACORE : type error ---> position() got an unexpected keyword argument 'duration' 
2024-07-29 11:25:47.088701 : CRITICAL : HEXACORE : some error during launch quest 
2024-07-29 11:25:49.408460 : USSUALLY : OTHER : back to main position 
2024-07-29 11:25:49.418914 : USSUALLY : OTHER : all quests on amanda hart account done 
2024-07-29 11:25:49.543819 : USSUALLY : OTHER : amanda hart was close 
2024-07-29 11:25:51.561867 : USSUALLY : OTHER : –≤—Å–µ –∞–∫–∫–∞—É–Ω—Ç—ã —Å–¥–µ–ª–∞–Ω—ã 
2024-07-29 11:28:21.383208 : SUCCESSFUL : OTHER : mode accepted 
2024-07-29 11:28:22.631689 : USSUALLY : OTHER : amanda hart will launch 
2024-07-29 11:28:41.928187 : SUCCESSFUL : OTHER : amanda hart launching 
2024-07-29 11:28:41.945105 : USSUALLY : OTHER : roll_down starting 
2024-07-29 11:28:41.956490 : USSUALLY : HEXACORE : was delete from var_list 
2024-07-29 11:28:59.131560 : CRITICAL : HEXACORE : type error ---> position() got an unexpected keyword argument 'duration' 
2024-07-29 11:28:59.145555 : CRITICAL : HEXACORE : some error during launch quest 
2024-07-29 11:29:01.466785 : USSUALLY : OTHER : back to main position 
2024-07-29 11:29:01.482777 : USSUALLY : OTHER : all quests on amanda hart account done 
2024-07-29 11:29:01.608667 : USSUALLY : OTHER : amanda hart was close 
2024-07-29 11:29:03.627775 : USSUALLY : OTHER : –≤—Å–µ –∞–∫–∫–∞—É–Ω—Ç—ã —Å–¥–µ–ª–∞–Ω—ã 
2024-07-29 11:33:11.692895 : SUCCESSFUL : OTHER : mode decline 
2024-07-29 11:33:11.702900 : SUCCESSFUL : OTHER : mode accepted 
2024-07-29 11:33:13.981316 : USSUALLY : OTHER : amanda hart will launch 
2024-07-29 11:33:33.283795 : SUCCESSFUL : OTHER : amanda hart launching 
2024-07-29 11:33:33.299835 : USSUALLY : OTHER : roll_down starting 
2024-07-29 11:33:33.312697 : USSUALLY : HEXACORE : was delete from var_list 
2024-07-29 11:34:03.899104 : SUCCESSFUL : HEXACORE : quest was done 
2024-07-29 11:34:06.239624 : USSUALLY : OTHER : back to main position 
2024-07-29 11:34:06.250613 : USSUALLY : OTHER : all quests on amanda hart account done 
2024-07-29 11:34:06.361640 : USSUALLY : OTHER : amanda hart was close 
2024-07-29 11:34:08.372131 : USSUALLY : OTHER : –≤—Å–µ –∞–∫–∫–∞—É–Ω—Ç—ã —Å–¥–µ–ª–∞–Ω—ã 
2024-07-31 11:14:56.831724 : SUCCESSFUL : OTHER : mode accepted 
2024-07-31 11:15:00.716800 : USSUALLY : OTHER : amanda hart will launch 
2024-07-31 11:15:47.309050 : SUCCESSFUL : OTHER : mode accepted 
2024-07-31 11:15:49.172811 : USSUALLY : OTHER : amanda hart will launch 
2024-07-31 11:16:08.581716 : SUCCESSFUL : OTHER : amanda hart launching 
2024-07-31 11:16:08.598733 : USSUALLY : OTHER : roll_down starting 
2024-07-31 11:16:08.610712 : USSUALLY : HEXACORE : was delete from var_list 
2024-07-31 11:17:07.483513 : SUCCESSFUL : OTHER : mode accepted 
2024-07-31 11:17:09.236085 : USSUALLY : OTHER : amanda hart will launch 
2024-07-31 11:17:28.540132 : SUCCESSFUL : OTHER : amanda hart launching 
2024-07-31 11:17:28.557132 : USSUALLY : OTHER : roll_down starting 
2024-07-31 11:17:28.574132 : USSUALLY : HEXACORE : was delete from var_list 
2024-07-31 11:17:59.282952 : SUCCESSFUL : HEXACORE : quest was done 
2024-07-31 11:18:01.631065 : USSUALLY : OTHER : back to main position 
2024-07-31 11:18:01.648059 : USSUALLY : OTHER : all quests on amanda hart account done 
2024-07-31 11:18:01.758685 : USSUALLY : OTHER : amanda hart was close 
2024-07-31 11:18:03.777219 : USSUALLY : OTHER : –≤—Å–µ –∞–∫–∫–∞—É–Ω—Ç—ã —Å–¥–µ–ª–∞–Ω—ã 
2024-08-02 15:48:02.922586 : SUCCESSFUL : OTHER : mode accepted 
2024-08-02 15:49:05.881698 : SUCCESSFUL : OTHER : mode accepted 
2024-08-02 15:50:30.423706 : SUCCESSFUL : OTHER : mode accepted 
2024-08-02 15:52:22.550480 : SUCCESSFUL : OTHER : mode accepted 
2024-08-02 15:53:12.679192 : SUCCESSFUL : OTHER : mode accepted 
2024-08-02 15:54:54.772534 : SUCCESSFUL : OTHER : mode accepted 
2024-08-02 15:55:03.900871 : USSUALLY : OTHER : lucy roberts will launch 
2024-08-02 15:55:23.208531 : SUCCESSFUL : OTHER : lucy roberts launching 
2024-08-02 15:55:23.217526 : USSUALLY : OTHER : roll_down starting 
2024-08-02 15:55:23.225526 : USSUALLY : SNAPSTER : was delete from var_list 
2024-08-02 15:55:40.029182 : SUCCESSFUL : SNAPSTER : quest was done 
2024-08-02 15:55:42.380622 : USSUALLY : OTHER : back to main position 
2024-08-02 15:55:42.389616 : USSUALLY : OTHER : all quests on lucy roberts account done 
2024-08-02 15:55:42.507010 : USSUALLY : OTHER : lucy roberts was close 
2024-08-02 15:55:44.524651 : USSUALLY : OTHER : –≤—Å–µ –∞–∫–∫–∞—É–Ω—Ç—ã —Å–¥–µ–ª–∞–Ω—ã 
2024-08-02 16:01:27.498266 : SUCCESSFUL : OTHER : mode accepted 
2024-08-02 16:01:37.812291 : USSUALLY : OTHER : jeffrey taylor will launch 
2024-08-02 16:01:57.114682 : SUCCESSFUL : OTHER : jeffrey taylor launching 
2024-08-02 16:01:57.127708 : USSUALLY : OTHER : roll_down starting 
2024-08-02 16:01:57.138708 : USSUALLY : POCKET : was delete from var_list 
2024-08-02 16:02:21.062121 : SUCCESSFUL : POCKET : quest was done 
2024-08-02 16:02:23.413530 : USSUALLY : OTHER : back to main position 
2024-08-02 16:02:23.430530 : USSUALLY : OTHER : all quests on jeffrey taylor account done 
2024-08-02 16:02:23.542168 : USSUALLY : OTHER : jeffrey taylor was close 
2024-08-02 16:02:25.550993 : USSUALLY : OTHER : kathleen smith will launch 
2024-08-02 16:33:53.750902 : SUCCESSFUL : OTHER : mode accepted 
2024-08-02 16:33:58.942722 : USSUALLY : OTHER : amanda hart will launch 
2024-08-02 16:34:18.240634 : SUCCESSFUL : OTHER : amanda hart launching 
2024-08-02 16:34:18.257634 : USSUALLY : OTHER : roll_down starting 
2024-08-02 16:42:13.514902 : SUCCESSFUL : OTHER : mode accepted 
2024-08-02 16:42:17.586872 : USSUALLY : OTHER : amanda hart will launch 
2024-08-02 16:42:36.888350 : SUCCESSFUL : OTHER : amanda hart launching 
2024-08-02 16:42:36.905360 : USSUALLY : OTHER : roll_down starting 
2024-08-02 16:42:36.921352 : USSUALLY : LOST_DOGS : was delete from var_list 
2024-08-02 16:44:24.564081 : SUCCESSFUL : OTHER : mode accepted 
2024-08-02 16:52:14.904165 : SUCCESSFUL : OTHER : mode accepted 
2024-08-02 16:52:22.623562 : USSUALLY : OTHER : amanda hart will launch 
2024-08-02 16:52:41.924443 : SUCCESSFUL : OTHER : amanda hart launching 
2024-08-02 16:52:41.934443 : USSUALLY : OTHER : roll_down starting 
2024-08-02 16:52:41.944437 : USSUALLY : LOST_DOGS : was delete from var_list 
2024-08-02 16:53:06.582844 : SUCCESSFUL : OTHER : mode accepted 
2024-08-02 16:53:09.831192 : USSUALLY : OTHER : amanda hart will launch 
2024-08-02 16:53:29.138479 : SUCCESSFUL : OTHER : amanda hart launching 
2024-08-02 16:53:29.158464 : USSUALLY : OTHER : roll_down starting 
2024-08-02 16:53:29.169467 : USSUALLY : LOST_DOGS : was delete from var_list 
2024-08-02 16:55:41.825316 : SUCCESSFUL : OTHER : mode accepted 
2024-08-02 16:55:44.807860 : USSUALLY : OTHER : amanda hart will launch 
2024-08-02 16:56:04.113323 : SUCCESSFUL : OTHER : amanda hart launching 
2024-08-02 16:56:04.133336 : USSUALLY : OTHER : roll_down starting 
2024-08-02 16:56:04.146321 : USSUALLY : LOST_DOGS : was delete from var_list 
2024-08-02 16:58:52.496989 : SUCCESSFUL : OTHER : mode accepted 
2024-08-02 16:59:00.774091 : USSUALLY : OTHER : amanda hart will launch 
2024-08-02 16:59:20.075534 : SUCCESSFUL : OTHER : amanda hart launching 
2024-08-02 16:59:20.094515 : USSUALLY : OTHER : roll_down starting 
2024-08-02 16:59:20.104510 : USSUALLY : LOST_DOGS : was delete from var_list 
2024-08-02 17:03:01.733250 : SUCCESSFUL : OTHER : mode accepted 
2024-08-02 17:03:09.885095 : USSUALLY : OTHER : amanda hart will launch 
2024-08-02 17:03:29.184354 : SUCCESSFUL : OTHER : amanda hart launching 
2024-08-02 17:03:29.203354 : USSUALLY : OTHER : roll_down starting 
2024-08-02 17:03:29.213343 : USSUALLY : LOST_DOGS : was delete from var_list 
2024-08-02 17:03:37.868652 : USSUALLY : LOST_DOGS : quest restart 
2024-08-02 17:03:55.991845 : CRITICAL : LOST_DOGS : type error ---> 'lost_dogs' 
2024-08-02 17:03:56.002245 : CRITICAL : LOST_DOGS : some error during launch quest 
2024-08-02 17:03:58.324099 : USSUALLY : OTHER : back to main position 
2024-08-02 17:03:58.343139 : USSUALLY : OTHER : all quests on amanda hart account done 
2024-08-02 17:03:58.488317 : USSUALLY : OTHER : amanda hart was close 
2024-08-02 17:04:00.510354 : USSUALLY : OTHER : –≤—Å–µ –∞–∫–∫–∞—É–Ω—Ç—ã —Å–¥–µ–ª–∞–Ω—ã 
2024-08-02 17:48:25.635703 : SUCCESSFUL : OTHER : mode accepted 
2024-08-02 17:48:32.900026 : USSUALLY : OTHER : amanda hart will launch 
2024-08-02 17:48:52.200525 : SUCCESSFUL : OTHER : amanda hart launching 
2024-08-02 17:48:52.213526 : USSUALLY : OTHER : roll_down starting 
2024-08-02 17:48:52.225526 : USSUALLY : LOST_DOGS : was delete from var_list 
2024-08-02 17:49:00.875520 : USSUALLY : LOST_DOGS : quest restart 
2024-08-02 17:49:02.001332 : CRITICAL : LOST_DOGS : type error ---> 'star2' 
2024-08-02 17:49:02.014370 : CRITICAL : LOST_DOGS : some error during launch quest 
2024-08-02 17:49:04.350843 : USSUALLY : OTHER : back to main position 
2024-08-02 17:49:04.361849 : USSUALLY : OTHER : all quests on amanda hart account done 
2024-08-02 17:49:04.479032 : USSUALLY : OTHER : amanda hart was close 
2024-08-02 17:49:06.500478 : USSUALLY : OTHER : –≤—Å–µ –∞–∫–∫–∞—É–Ω—Ç—ã —Å–¥–µ–ª–∞–Ω—ã 
2024-08-02 17:49:51.699693 : SUCCESSFUL : OTHER : mode accepted 
2024-08-02 17:49:59.675093 : USSUALLY : OTHER : amanda hart will launch 
2024-08-02 17:50:18.986708 : SUCCESSFUL : OTHER : amanda hart launching 
2024-08-02 17:50:19.006700 : USSUALLY : OTHER : roll_down starting 
2024-08-02 17:50:19.017699 : USSUALLY : LOST_DOGS : was delete from var_list 
2024-08-02 17:50:27.656241 : USSUALLY : LOST_DOGS : quest restart 
2024-08-02 17:50:29.351706 : CRITICAL : LOST_DOGS : type error ---> 'star2' 
2024-08-02 17:50:29.364711 : CRITICAL : LOST_DOGS : some error during launch quest 
2024-08-02 17:50:31.704529 : USSUALLY : OTHER : back to main position 
2024-08-02 17:50:31.723519 : USSUALLY : OTHER : all quests on amanda hart account done 
2024-08-02 17:50:31.846846 : USSUALLY : OTHER : amanda hart was close 
2024-08-02 17:50:33.868003 : USSUALLY : OTHER : –≤—Å–µ –∞–∫–∫–∞—É–Ω—Ç—ã —Å–¥–µ–ª–∞–Ω—ã 
2024-08-02 17:54:06.338111 : SUCCESSFUL : OTHER : mode accepted 
2024-08-02 17:54:09.498087 : USSUALLY : OTHER : amanda hart will launch 
2024-08-02 17:54:28.790863 : SUCCESSFUL : OTHER : amanda hart launching 
2024-08-02 17:54:28.801863 : USSUALLY : OTHER : roll_down starting 
2024-08-02 17:54:28.811864 : USSUALLY : LOST_DOGS : was delete from var_list 
2024-08-02 17:54:53.193017 : SUCCESSFUL : LOST_DOGS : quest was done 
2024-08-02 17:54:55.544577 : USSUALLY : OTHER : back to main position 
2024-08-02 17:54:55.564589 : USSUALLY : OTHER : all quests on amanda hart account done 
2024-08-02 17:54:55.686829 : USSUALLY : OTHER : amanda hart was close 
2024-08-02 17:54:57.708343 : USSUALLY : OTHER : –≤—Å–µ –∞–∫–∫–∞—É–Ω—Ç—ã —Å–¥–µ–ª–∞–Ω—ã 
2024-08-02 17:59:44.384149 : SUCCESSFUL : OTHER : mode accepted 
2024-08-02 17:59:53.195956 : USSUALLY : OTHER : amanda hart will launch 
2024-08-02 18:00:12.494901 : SUCCESSFUL : OTHER : amanda hart launching 
2024-08-02 18:00:12.513901 : USSUALLY : OTHER : roll_down starting 
2024-08-02 18:00:12.533901 : USSUALLY : NASDUCK : was delete from var_list 
2024-08-02 18:03:20.830412 : SUCCESSFUL : OTHER : mode accepted 
2024-08-02 18:03:26.118440 : USSUALLY : OTHER : amanda hart will launch 
2024-08-02 18:03:43.437675 : SUCCESSFUL : OTHER : amanda hart launching 
2024-08-02 18:03:43.457479 : USSUALLY : OTHER : roll_down starting 
2024-08-02 18:03:43.470511 : USSUALLY : LOST_DOGS : was delete from var_list 
2024-08-02 18:04:07.822178 : SUCCESSFUL : LOST_DOGS : quest was done 
2024-08-02 18:04:10.173554 : USSUALLY : OTHER : back to main position 
2024-08-02 18:04:10.192554 : USSUALLY : YUMIFY : was delete from var_list 
2024-08-02 18:07:10.660120 : SUCCESSFUL : YUMIFY : quest was done 
2024-08-02 18:07:13.002778 : USSUALLY : OTHER : back to main position 
2024-08-02 18:07:13.016762 : USSUALLY : OTHER : roll_down starting 
2024-08-02 18:07:13.026768 : USSUALLY : NASDUCK : was delete from var_list 
2024-08-02 18:08:04.031075 : CRITICAL : NASDUCK : page not found >>>>  
2024-08-02 18:27:27.359195 : SUCCESSFUL : OTHER : mode accepted 
2024-08-02 18:27:55.383064 : SUCCESSFUL : OTHER : mode accepted 
2024-08-02 18:28:04.333453 : USSUALLY : OTHER : amanda hart will launch 
2024-08-02 18:28:21.625880 : SUCCESSFUL : OTHER : amanda hart launching 
2024-08-02 18:28:21.634880 : USSUALLY : OTHER : roll_down starting 
2024-08-02 18:28:21.644880 : USSUALLY : CLAYTON : was delete from var_list 
2024-08-02 18:29:12.699015 : CRITICAL : CLAYTON : page not found >>>>  
2024-08-02 18:29:12.720006 : WARNING : OTHER : clayton was not found 
2024-08-02 18:29:15.060017 : USSUALLY : OTHER : back to main position 
2024-08-02 18:29:15.079959 : USSUALLY : LOST_DOGS : was delete from var_list 
2024-08-02 18:29:38.335517 : SUCCESSFUL : LOST_DOGS : quest was done 
2024-08-02 18:29:40.689447 : USSUALLY : OTHER : back to main position 
2024-08-02 18:29:40.706481 : USSUALLY : OTHER : roll_down starting 
2024-08-02 18:29:40.719474 : USSUALLY : NASDUCK : was delete from var_list 
2024-08-02 18:29:56.226950 : SUCCESSFUL : NASDUCK : quest was done 
2024-08-02 18:29:58.576141 : USSUALLY : OTHER : back to main position 
2024-08-02 18:29:58.590119 : USSUALLY : OTHER : roll_down starting 
2024-08-02 18:29:58.601119 : USSUALLY : YUMIFY : was delete from var_list 
2024-08-02 18:30:18.083324 : SUCCESSFUL : YUMIFY : quest was done 
2024-08-02 18:30:20.435333 : USSUALLY : OTHER : back to main position 
2024-08-02 18:30:20.454366 : USSUALLY : OTHER : all quests on amanda hart account done 
2024-08-02 18:30:20.577741 : USSUALLY : OTHER : amanda hart was close 
2024-08-02 18:30:22.601193 : USSUALLY : OTHER : –≤—Å–µ –∞–∫–∫–∞—É–Ω—Ç—ã —Å–¥–µ–ª–∞–Ω—ã 
2024-08-05 16:08:41.233820 : SUCCESSFUL : OTHER : mode accepted 
2024-08-05 16:08:47.175878 : USSUALLY : OTHER : amanda scott will launch 
2024-08-05 16:09:04.576038 : SUCCESSFUL : OTHER : amanda scott launching 
2024-08-05 16:09:04.590029 : USSUALLY : OTHER : roll_down starting 
2024-08-05 16:09:04.600028 : USSUALLY : YESCOIN : was delete from var_list 
2024-08-05 16:09:13.318202 : USSUALLY : YESCOIN : quest restart 
2024-08-05 16:09:45.296761 : SUCCESSFUL : YESCOIN : quest was done 
2024-08-05 16:09:47.621403 : USSUALLY : OTHER : back to main position 
2024-08-05 16:09:47.633418 : USSUALLY : OTHER : roll_down starting 
2024-08-05 16:09:47.645422 : USSUALLY : HEXACORE : was delete from var_list 
2024-08-05 16:10:18.986272 : SUCCESSFUL : HEXACORE : quest was done 
2024-08-05 16:10:21.313226 : USSUALLY : OTHER : back to main position 
2024-08-05 16:10:21.326226 : USSUALLY : OTHER : all quests on amanda scott account done 
2024-08-05 16:10:21.439229 : USSUALLY : OTHER : amanda scott was close 
2024-08-05 16:10:23.461945 : USSUALLY : OTHER : –≤—Å–µ –∞–∫–∫–∞—É–Ω—Ç—ã —Å–¥–µ–ª–∞–Ω—ã 
2024-08-05 16:36:24.134171 : SUCCESSFUL : OTHER : mode accepted 
2024-08-05 16:36:33.324380 : USSUALLY : OTHER : amanda hart will launch 
2024-08-05 16:36:50.697943 : SUCCESSFUL : OTHER : amanda hart launching 
2024-08-05 16:36:50.713434 : USSUALLY : OTHER : roll_down starting 
2024-08-05 16:36:50.723454 : USSUALLY : BLUM : was delete from var_list 
2024-08-05 16:36:59.394557 : USSUALLY : BLUM : quest restart 
2024-08-05 16:36:59.412694 : WARNING : OTHER : games -> [5, 5] 
2024-08-05 16:37:29.587540 : CRITICAL : BLUM : type error ---> 'blum' 
2024-08-05 16:37:29.599536 : CRITICAL : BLUM : some error during launch quest 
2024-08-05 16:37:31.926433 : USSUALLY : OTHER : back to main position 
2024-08-05 16:37:31.940427 : USSUALLY : SNAPSTER : was delete from var_list 
2024-08-05 16:37:40.605643 : USSUALLY : SNAPSTER : quest restart 
2024-08-05 16:37:57.464924 : SUCCESSFUL : SNAPSTER : quest was done 
2024-08-05 16:37:59.793598 : USSUALLY : OTHER : back to main position 
2024-08-05 16:37:59.808599 : USSUALLY : DOGS : was delete from var_list 
2024-08-05 16:38:08.504029 : USSUALLY : DOGS : quest restart 
2024-08-05 16:38:18.840010 : CRITICAL : DOGS : type error ---> 'dogs' 
2024-08-05 16:38:18.856006 : CRITICAL : DOGS : some error during launch quest 
2024-08-05 16:38:21.190341 : USSUALLY : OTHER : back to main position 
2024-08-05 16:38:21.202333 : USSUALLY : YESCOIN : was delete from var_list 
2024-08-05 16:38:29.870609 : USSUALLY : YESCOIN : quest restart 
2024-08-05 16:38:56.929774 : CRITICAL : YESCOIN : type error ---> 'yescoin' 
2024-08-05 16:38:56.943467 : CRITICAL : YESCOIN : some error during launch quest 
2024-08-05 16:38:59.263917 : USSUALLY : OTHER : back to main position 
2024-08-05 16:38:59.278918 : USSUALLY : OTHER : roll_down starting 
2024-08-05 16:38:59.291917 : USSUALLY : HEXACORE : was delete from var_list 
2024-08-05 16:39:08.039406 : USSUALLY : HEXACORE : quest restart 
2024-08-05 16:39:34.578988 : CRITICAL : HEXACORE : type error ---> 'hexacore' 
2024-08-05 16:39:34.594986 : CRITICAL : HEXACORE : some error during launch quest 
2024-08-05 16:39:36.923983 : USSUALLY : OTHER : back to main position 
2024-08-05 16:39:36.939984 : USSUALLY : TABIZOO : was delete from var_list 
2024-08-05 16:39:45.657387 : USSUALLY : TABIZOO : quest restart 
2024-08-05 16:40:10.025415 : CRITICAL : TABIZOO : type error ---> 'tabizoo' 
2024-08-05 16:40:10.041415 : CRITICAL : TABIZOO : some error during launch quest 
2024-08-05 16:40:12.370228 : USSUALLY : OTHER : back to main position 
2024-08-05 16:40:12.381220 : USSUALLY : OTHER : roll_down starting 
2024-08-05 16:40:12.396226 : USSUALLY : POCKET : was delete from var_list 
2024-08-05 16:40:21.115230 : USSUALLY : POCKET : quest restart 
2024-08-05 16:40:40.215202 : CRITICAL : POCKET : type error ---> 'pocketfi' 
2024-08-05 16:40:40.230196 : CRITICAL : POCKET : some error during launch quest 
2024-08-05 16:40:42.550939 : USSUALLY : OTHER : back to main position 
2024-08-05 16:40:42.566942 : USSUALLY : OTHER : all quests on amanda hart account done 
2024-08-05 16:40:42.704964 : USSUALLY : OTHER : amanda hart was close 
2024-08-05 16:40:44.730727 : USSUALLY : OTHER : –≤—Å–µ –∞–∫–∫–∞—É–Ω—Ç—ã —Å–¥–µ–ª–∞–Ω—ã 
2024-08-05 17:15:31.971433 : SUCCESSFUL : OTHER : mode accepted 
2024-08-05 17:15:48.444375 : USSUALLY : OTHER : claire nelson will launch 
2024-08-05 17:16:05.804783 : SUCCESSFUL : OTHER : claire nelson launching 
2024-08-05 17:16:05.815767 : USSUALLY : OTHER : roll_down starting 
2024-08-05 17:16:05.825773 : USSUALLY : CLAYTON : was delete from var_list 
2024-08-05 17:16:24.077861 : SUCCESSFUL : CLAYTON : quest was done 
2024-08-05 17:16:26.421424 : USSUALLY : OTHER : back to main position 
2024-08-05 17:16:26.434424 : USSUALLY : OTHER : all quests on claire nelson account done 
2024-08-05 17:16:26.545280 : USSUALLY : OTHER : claire nelson was close 
2024-08-05 17:16:28.573202 : USSUALLY : OTHER : –≤—Å–µ –∞–∫–∫–∞—É–Ω—Ç—ã —Å–¥–µ–ª–∞–Ω—ã 
2024-08-05 17:17:55.307206 : SUCCESSFUL : OTHER : mode accepted 
2024-08-05 17:17:59.202530 : USSUALLY : OTHER : dawn miller will launch 
2024-08-05 17:18:16.506418 : SUCCESSFUL : OTHER : dawn miller launching 
2024-08-05 17:18:16.521404 : USSUALLY : OTHER : roll_down starting 
2024-08-05 17:18:16.533226 : USSUALLY : CLAYTON : was delete from var_list 
2024-08-05 17:18:37.513579 : SUCCESSFUL : CLAYTON : quest was done 
2024-08-05 17:18:39.831580 : USSUALLY : OTHER : back to main position 
2024-08-05 17:18:39.843582 : USSUALLY : OTHER : all quests on dawn miller account done 
2024-08-05 17:18:39.956582 : USSUALLY : OTHER : dawn miller was close 
2024-08-05 17:18:41.969580 : USSUALLY : OTHER : –≤—Å–µ –∞–∫–∫–∞—É–Ω—Ç—ã —Å–¥–µ–ª–∞–Ω—ã 
2024-08-05 17:18:53.625964 : SUCCESSFUL : OTHER : mode accepted 
2024-08-05 17:19:02.045484 : USSUALLY : OTHER : dudley hill will launch 
2024-08-05 17:19:19.427687 : SUCCESSFUL : OTHER : dudley hill launching 
2024-08-05 17:19:19.439688 : USSUALLY : OTHER : roll_down starting 
2024-08-05 17:19:19.450687 : USSUALLY : CLAYTON : was delete from var_list 
2024-08-05 17:19:40.346520 : SUCCESSFUL : CLAYTON : quest was done 
2024-08-05 17:19:42.679535 : USSUALLY : OTHER : back to main position 
2024-08-05 17:19:42.700548 : USSUALLY : OTHER : all quests on dudley hill account done 
2024-08-05 17:19:42.815102 : USSUALLY : OTHER : dudley hill was close 
2024-08-05 17:19:44.836455 : USSUALLY : OTHER : –≤—Å–µ –∞–∫–∫–∞—É–Ω—Ç—ã —Å–¥–µ–ª–∞–Ω—ã 
2024-08-05 17:20:20.114209 : SUCCESSFUL : OTHER : mode accepted 
2024-08-05 17:20:34.386102 : USSUALLY : OTHER : gabe walker will launch 
2024-08-05 17:20:51.754620 : SUCCESSFUL : OTHER : gabe walker launching 
2024-08-05 17:20:51.772613 : USSUALLY : OTHER : roll_down starting 
2024-08-05 17:20:51.785606 : USSUALLY : NASDUCK : was delete from var_list 
2024-08-05 17:21:07.310653 : SUCCESSFUL : NASDUCK : quest was done 
2024-08-05 17:21:09.644929 : USSUALLY : OTHER : back to main position 
2024-08-05 17:21:09.664929 : USSUALLY : OTHER : all quests on gabe walker account done 
2024-08-05 17:21:09.776512 : USSUALLY : OTHER : gabe walker was close 
2024-08-05 17:21:11.798084 : USSUALLY : OTHER : –≤—Å–µ –∞–∫–∫–∞—É–Ω—Ç—ã —Å–¥–µ–ª–∞–Ω—ã 
2024-08-05 17:24:27.424503 : SUCCESSFUL : OTHER : mode accepted 
2024-08-05 17:24:34.967927 : USSUALLY : OTHER : dawn miller will launch 
2024-08-05 17:24:52.267469 : SUCCESSFUL : OTHER : dawn miller launching 
2024-08-05 17:24:52.285501 : USSUALLY : OTHER : roll_down starting 
2024-08-05 17:24:52.298501 : USSUALLY : NASDUCK : was delete from var_list 
2024-08-05 17:25:11.978624 : SUCCESSFUL : NASDUCK : quest was done 
2024-08-05 17:25:14.314827 : USSUALLY : OTHER : back to main position 
2024-08-05 17:25:14.334815 : USSUALLY : OTHER : all quests on dawn miller account done 
2024-08-05 17:25:14.447161 : USSUALLY : OTHER : dawn miller was close 
2024-08-05 17:25:16.467734 : USSUALLY : OTHER : –≤—Å–µ –∞–∫–∫–∞—É–Ω—Ç—ã —Å–¥–µ–ª–∞–Ω—ã 
2024-08-05 17:25:29.040069 : SUCCESSFUL : OTHER : mode accepted 
2024-08-05 17:25:33.488035 : USSUALLY : OTHER : dawn miller will launch 
2024-08-05 17:25:50.787106 : SUCCESSFUL : OTHER : dawn miller launching 
2024-08-05 17:25:50.806106 : USSUALLY : OTHER : roll_down starting 
2024-08-05 17:25:50.818097 : USSUALLY : NASDUCK : was delete from var_list 
2024-08-05 17:26:10.460538 : SUCCESSFUL : NASDUCK : quest was done 
2024-08-05 17:26:12.797432 : USSUALLY : OTHER : back to main position 
2024-08-05 17:26:12.816444 : USSUALLY : OTHER : all quests on dawn miller account done 
2024-08-05 17:26:12.938858 : USSUALLY : OTHER : dawn miller was close 
2024-08-05 17:26:14.959343 : USSUALLY : OTHER : –≤—Å–µ –∞–∫–∫–∞—É–Ω—Ç—ã —Å–¥–µ–ª–∞–Ω—ã 
2024-08-05 17:30:31.341870 : SUCCESSFUL : OTHER : mode accepted 
2024-08-05 17:30:44.217889 : USSUALLY : OTHER : amanda hart will launch 
2024-08-05 17:31:01.514040 : SUCCESSFUL : OTHER : amanda hart launching 
2024-08-05 17:31:01.534040 : USSUALLY : OTHER : roll_down starting 
2024-08-05 17:31:01.545849 : USSUALLY : NASDUCK : was delete from var_list 
2024-08-05 17:31:23.864441 : SUCCESSFUL : NASDUCK : quest was done 
2024-08-05 17:31:26.196117 : USSUALLY : OTHER : back to main position 
2024-08-05 17:31:26.206114 : USSUALLY : OTHER : all quests on amanda hart account done 
2024-08-05 17:31:26.317172 : USSUALLY : OTHER : amanda hart was close 
2024-08-05 17:31:28.337298 : USSUALLY : OTHER : claire nelson will launch 
2024-08-05 17:31:45.507584 : SUCCESSFUL : OTHER : claire nelson launching 
2024-08-05 17:31:45.525589 : USSUALLY : OTHER : roll_down starting 
2024-08-05 17:31:45.535584 : USSUALLY : NASDUCK : was delete from var_list 
2024-08-05 17:32:07.959619 : SUCCESSFUL : NASDUCK : quest was done 
2024-08-05 17:32:10.298071 : USSUALLY : OTHER : back to main position 
2024-08-05 17:32:10.310066 : USSUALLY : OTHER : all quests on claire nelson account done 
2024-08-05 17:32:10.421647 : USSUALLY : OTHER : claire nelson was close 
2024-08-05 17:32:12.442224 : USSUALLY : OTHER : –≤—Å–µ –∞–∫–∫–∞—É–Ω—Ç—ã —Å–¥–µ–ª–∞–Ω—ã 
2024-08-05 17:32:28.653165 : SUCCESSFUL : OTHER : mode accepted 
2024-08-05 17:32:33.573133 : USSUALLY : OTHER : erica grant will launch 
2024-08-05 17:32:50.958386 : SUCCESSFUL : OTHER : erica grant launching 
2024-08-05 17:32:50.978385 : USSUALLY : OTHER : roll_down starting 
2024-08-05 17:32:50.989373 : USSUALLY : YUMIFY : was delete from var_list 
2024-08-05 17:33:10.363389 : SUCCESSFUL : YUMIFY : quest was done 
2024-08-05 17:33:12.701246 : USSUALLY : OTHER : back to main position 
2024-08-05 17:33:12.713246 : USSUALLY : OTHER : all quests on erica grant account done 
2024-08-05 17:33:12.825237 : USSUALLY : OTHER : erica grant was close 
2024-08-05 17:33:14.846950 : USSUALLY : OTHER : –≤—Å–µ –∞–∫–∫–∞—É–Ω—Ç—ã —Å–¥–µ–ª–∞–Ω—ã 
2024-08-05 17:38:27.155090 : SUCCESSFUL : OTHER : mode accepted 
2024-08-05 17:38:30.714203 : USSUALLY : OTHER : gabe walker will launch 
2024-08-05 17:38:47.997417 : SUCCESSFUL : OTHER : gabe walker launching 
2024-08-05 17:38:48.008417 : USSUALLY : OTHER : roll_down starting 
2024-08-05 17:38:48.019411 : USSUALLY : LOST_DOGS : was delete from var_list 
2024-08-05 17:39:12.387013 : SUCCESSFUL : LOST_DOGS : quest was done 
2024-08-05 17:39:14.732751 : USSUALLY : OTHER : back to main position 
2024-08-05 17:39:14.744735 : USSUALLY : OTHER : all quests on gabe walker account done 
2024-08-05 17:39:14.856348 : USSUALLY : OTHER : gabe walker was close 
2024-08-05 17:39:16.873745 : USSUALLY : OTHER : –≤—Å–µ –∞–∫–∫–∞—É–Ω—Ç—ã —Å–¥–µ–ª–∞–Ω—ã 
2024-08-05 17:40:55.553641 : SUCCESSFUL : OTHER : mode accepted 
2024-08-05 17:40:58.017704 : USSUALLY : OTHER : amanda hart will launch 
2024-08-05 17:41:15.319635 : SUCCESSFUL : OTHER : amanda hart launching 
2024-08-05 17:41:15.333621 : USSUALLY : OTHER : roll_down starting 
2024-08-05 17:41:15.343620 : USSUALLY : LOST_DOGS : was delete from var_list 
2024-08-05 17:41:40.792190 : SUCCESSFUL : LOST_DOGS : quest was done 
2024-08-05 17:41:43.129471 : USSUALLY : OTHER : back to main position 
2024-08-05 17:41:43.139367 : USSUALLY : OTHER : all quests on amanda hart account done 
2024-08-05 17:41:43.249540 : USSUALLY : OTHER : amanda hart was close 
2024-08-05 17:41:45.271173 : USSUALLY : OTHER : –≤—Å–µ –∞–∫–∫–∞—É–Ω—Ç—ã —Å–¥–µ–ª–∞–Ω—ã 
2024-08-05 17:43:33.384374 : SUCCESSFUL : OTHER : mode accepted 
2024-08-05 17:43:38.000534 : USSUALLY : OTHER : ari edwards will launch 
2024-08-05 17:43:55.312208 : SUCCESSFUL : OTHER : ari edwards launching 
2024-08-05 17:43:55.321209 : USSUALLY : OTHER : roll_down starting 
2024-08-05 17:43:55.331208 : USSUALLY : LOST_DOGS : was delete from var_list 
2024-08-05 17:44:25.572741 : SUCCESSFUL : LOST_DOGS : quest was done 
2024-08-05 17:44:27.905593 : USSUALLY : OTHER : back to main position 
2024-08-05 17:44:27.922577 : USSUALLY : OTHER : all quests on ari edwards account done 
2024-08-05 17:44:28.034103 : USSUALLY : OTHER : ari edwards was close 
2024-08-05 17:44:30.052534 : USSUALLY : OTHER : –≤—Å–µ –∞–∫–∫–∞—É–Ω—Ç—ã —Å–¥–µ–ª–∞–Ω—ã 
